   Compiling libm v0.2.15
   Compiling getrandom v0.2.16
   Compiling regex-automata v0.4.9
   Compiling siphasher v1.0.1
   Compiling getrandom v0.3.3
   Compiling dtoa v1.0.10
   Compiling crossbeam-utils v0.8.21
   Compiling either v1.15.0
   Compiling arrayvec v0.7.6
   Compiling outref v0.1.0
   Compiling bytemuck v1.23.1
   Compiling ptr_meta v0.1.4
   Compiling matches v0.1.10
   Compiling unicode-ident v1.0.18
   Compiling precomputed-hash v0.1.1
   Compiling seahash v4.1.0
   Compiling simd-abstraction v0.7.1
   Compiling data-url v0.1.1
   Compiling zerocopy v0.8.26
   Compiling ahash v0.7.8
   Compiling half v2.6.0
   Compiling dtoa-short v0.3.5
   Compiling proc-macro2 v1.0.95
   Compiling stable_deref_trait v1.2.0
   Compiling phf_shared v0.11.3
   Compiling float_next_after v1.0.0
   Compiling rawpointer v0.2.1
   Compiling os_str_bytes v6.6.1
   Compiling itertools v0.10.5
   Compiling safe_arch v0.7.4
   Compiling plotters-backend v0.3.7
   Compiling hashbrown v0.12.3
   Compiling base64-simd v0.7.0
   Compiling byteorder v1.5.0
   Compiling phf v0.11.3
   Compiling tempfile v3.20.0
   Compiling ciborium-io v0.2.2
   Compiling rustc-hash v2.1.1
   Compiling hashbrown v0.14.5
   Compiling cssparser v0.33.0
   Compiling vlq v0.5.1
   Compiling cssparser v0.35.0
   Compiling fxhash v0.2.1
   Compiling plotters-svg v0.3.7
   Compiling ciborium-ll v0.2.2
   Compiling crossbeam-epoch v0.9.18
   Compiling quote v1.0.40
   Compiling wide v0.7.33
   Compiling clap_lex v0.2.4
   Compiling matrixmultiply v0.3.10
   Compiling servo_arc v0.4.1
   Compiling crossbeam-deque v0.8.6
   Compiling derive_more v2.0.1
   Compiling rkyv v0.7.45
   Compiling indexmap v1.9.3
   Compiling const-str v0.3.2
   Compiling wasm-bindgen v0.2.100
   Compiling rayon-core v1.12.1
   Compiling num-traits v0.2.19
   Compiling parcel_selectors v0.28.2
   Compiling cssparser-color v0.1.0
   Compiling dashmap v5.5.3
   Compiling atty v0.2.14
   Compiling bitflags v1.3.2
   Compiling rayon v1.10.0
   Compiling textwrap v0.16.2
   Compiling data-encoding v2.9.0
   Compiling pathdiff v0.2.3
   Compiling same-file v1.0.6
   Compiling strsim v0.10.0
   Compiling termcolor v1.4.1
   Compiling new_debug_unreachable v1.0.6
   Compiling cast v0.3.0
   Compiling selectors v0.30.0
   Compiling clap v3.2.25
   Compiling criterion-plot v0.5.0
   Compiling euclid v0.22.11
   Compiling num-integer v0.1.46
   Compiling num-complex v0.4.6
   Compiling approx v0.5.1
   Compiling ahash v0.8.12
   Compiling plotters v0.3.7
   Compiling js-sys v0.3.77
   Compiling walkdir v2.5.0
   Compiling syn v1.0.109
   Compiling num-rational v0.4.2
   Compiling ciborium v0.2.2
   Compiling tinytemplate v1.2.1
   Compiling toml v0.5.11
   Compiling regex v1.11.1
   Compiling lyon_geom v1.0.6
   Compiling parcel_sourcemap v2.1.1
   Compiling svg_metadata v0.3.0
   Compiling vexy-svgo-core v1.0.31 (/Users/adam/Developer/vcs/github.vexyart/vexy-svgo/crates/core)
   Compiling lyon_path v1.0.7
   Compiling simba v0.9.0
   Compiling env_filter v0.1.3
   Compiling is-terminal v0.4.16
   Compiling heck v0.4.1
   Compiling memory_units v0.4.0
   Compiling cfg-if v0.1.10
   Compiling anes v0.1.6
   Compiling oorandom v11.1.5
   Compiling wee_alloc v0.4.5
   Compiling env_logger v0.11.8
   Compiling lyon_algorithms v1.0.5
   Compiling lyon_tessellation v1.0.15
   Compiling lightningcss v1.0.0-alpha.67
   Compiling criterion v0.5.1
   Compiling lyon v1.0.1
   Compiling web-sys v0.3.77
   Compiling cbindgen v0.26.0
   Compiling vexy-svgo-benchmarks v1.0.31 (/Users/adam/Developer/vcs/github.vexyart/vexy-svgo/crates/benchmarks)
   Compiling vexy-svgo-wasm v1.0.31 (/Users/adam/Developer/vcs/github.vexyart/vexy-svgo/crates/wasm)
   Compiling vexy-svgo-cli v1.0.31 (/Users/adam/Developer/vcs/github.vexyart/vexy-svgo/crates/cli)
   Compiling nalgebra v0.33.2
